<?xml version="1.0" encoding="UTF-8"?>
<!-- Generated by org.testng.reporters.JUnitXMLReporter -->
<testsuite hostname="IN-MH1LPW101452" ignored="0" name="Command line test" tests="6" failures="0" timestamp="09 Oct 2020 06:04:40 GMT" time="0.052" errors="0">
  <testcase name="jira" time="0.007" classname="qapalluacademey.Mavenjava.ApiTest"/>
  <testcase name="twitter" time="0.0" classname="qapalluacademey.Mavenjava.ApiTest"/>
  <testcase name="Nativeappandroid" time="0.0" classname="qapalluacademey.Mavenjava.AppiumTest"/>
  <testcase name="iosApp" time="0.0" classname="qapalluacademey.Mavenjava.AppiumTest"/>
  <testcase name="Browserautomation" time="0.0" classname="qapalluacademey.Mavenjava.SeleniumTest"/>
  <testcase name="elementsui" time="0.0" classname="qapalluacademey.Mavenjava.SeleniumTest"/>
</testsuite> <!-- Command line test -->
